Invoking: npm run refresh-examplesjs && bash scripts/build-examples.sh ${EXAMPLES_BUILD_TYPE} 


> @gooddata/sdk-examples@1.0.0-alpha.0 refresh-examplesjs /Users/nguyenmai/Gooddata/Bear/8.4.61/examples/sdk-examples
> bash ./scripts/refresh-examplesJS.sh

Successfully compiled 186 files with Babel (7021ms).
examplesJS/advanced/chartConfiguration/BarChartDynamicExample.js 465ms
examplesJS/advanced/chartConfiguration/ConfigurationColumnChartExample.js 55ms
examplesJS/advanced/chartConfiguration/DualAxisColumnChartExample.js 20ms
examplesJS/advanced/chartConfiguration/index.js 38ms
examplesJS/advanced/chartConfiguration/InsightViewDualAxisBarChartExample.js 15ms
examplesJS/advanced/chartConfiguration/PieChartColorMappingExample.js 18ms
examplesJS/advanced/customLegend/CustomLegendExample.js 37ms
examplesJS/advanced/customLegend/index.js 11ms
examplesJS/advanced/datePicker/DatePickerExample.js 108ms
examplesJS/advanced/datePicker/index.js 23ms
examplesJS/advanced/datePicker/MonthPickerExample.js 62ms
examplesJS/advanced/dynamicMeasures/DynamicMeasuresExample.js 78ms
examplesJS/advanced/dynamicMeasures/index.js 14ms
examplesJS/advanced/globalFilters/EmployeeCard.js 63ms
examplesJS/advanced/globalFilters/EmployeeProfile.js 93ms
examplesJS/advanced/globalFilters/GlobalFiltersExample.js 22ms
examplesJS/advanced/globalFilters/index.js 12ms
examplesJS/advanced/globalFilters/KpiMetricBox.js 21ms
examplesJS/advanced/loadingAndError/CustomisedLoadingExample.js 7ms
examplesJS/advanced/loadingAndError/ErrorExample.js 7ms
examplesJS/advanced/loadingAndError/index.js 13ms
examplesJS/advanced/loadingAndError/LoadingExample.js 4ms
examplesJS/advanced/parentFilter/index.js 14ms
examplesJS/advanced/parentFilter/ParentFilterExample.js 40ms
examplesJS/advanced/responsive/index.js 8ms
examplesJS/advanced/responsive/ResponsiveExample.js 21ms
examplesJS/arithmeticMeasures/ArithmeticMeasureChangeExample.js 16ms
examplesJS/arithmeticMeasures/ArithmeticMeasureDrillingExample.js 14ms
examplesJS/arithmeticMeasures/ArithmeticMeasureMultiplicationExample.js 18ms
examplesJS/arithmeticMeasures/ArithmeticMeasureRatioExample.js 11ms
examplesJS/arithmeticMeasures/ArithmeticMeasureSumExample.js 20ms
examplesJS/arithmeticMeasures/index.js 18ms
examplesJS/attributeFilter/AttributeElementsExample.js 23ms
examplesJS/attributeFilter/AttributeFilterComponentExample.js 10ms
examplesJS/attributeFilter/AttributeFilterExample.js 38ms
examplesJS/attributeFilter/index.js 17ms
examplesJS/basic/AreaChartExample.js 6ms
examplesJS/basic/BarChartExample.js 5ms
examplesJS/basic/BubbleChartExample.js 12ms
examplesJS/basic/BulletChartExample.js 7ms
examplesJS/basic/ColumnChartExample.js 6ms
examplesJS/basic/ComboChartExample.js 5ms
examplesJS/basic/DonutChartExample.js 7ms
examplesJS/basic/HeadlineExample.js 13ms
examplesJS/basic/HeatmapExample.js 10ms
examplesJS/basic/index.js 26ms
examplesJS/basic/KpiExample.js 10ms
examplesJS/basic/LineChartExample.js 11ms
examplesJS/basic/PieChartExample.js 6ms
examplesJS/basic/ScatterPlotExample.js 7ms
examplesJS/basic/StackedAreaChartExample.js 7ms
examplesJS/basic/TreemapExample.js 4ms
examplesJS/chartResponsiveness/BarChartResponsiveExample.js 41ms
examplesJS/chartResponsiveness/ColumnChartResponsiveLegendExample.js 31ms
examplesJS/chartResponsiveness/HeadlineResponsiveExample.js 15ms
examplesJS/chartResponsiveness/index.js 10ms
examplesJS/dashboardEmbedding/DashboardExport.js 7ms
examplesJS/dashboardEmbedding/DashboardExportSrc.js 10ms
examplesJS/dashboardEmbedding/DashboardViewAdvancedCustomizations.js 10ms
examplesJS/dashboardEmbedding/DashboardViewAdvancedCustomizationsSrc.js 48ms
examplesJS/dashboardEmbedding/DashboardViewWithCustomCharts.js 11ms
examplesJS/dashboardEmbedding/DashboardViewWithCustomChartsSrc.js 78ms
examplesJS/dashboardEmbedding/DashboardViewWithDrilling.js 8ms
examplesJS/dashboardEmbedding/DashboardViewWithDrillingSrc.js 9ms
examplesJS/dashboardEmbedding/DashboardViewWithFilters.js 6ms
examplesJS/dashboardEmbedding/DashboardViewWithFiltersSrc.js 10ms
examplesJS/dashboardEmbedding/DashboardViewWithMergedFilters.js 10ms
examplesJS/dashboardEmbedding/DashboardViewWithMergedFiltersSrc.js 8ms
examplesJS/dashboardEmbedding/SimpleDashboardView.js 7ms
examplesJS/dashboardEmbedding/SimpleDashboardViewSrc.js 6ms
examplesJS/dateFilter/DateFilterComponentExample.js 31ms
examplesJS/dateFilter/DateFilterWithColumnChartExample.js 39ms
examplesJS/dateFilter/index.js 9ms
examplesJS/drill/DrillWithExternalDataExample.js 59ms
examplesJS/drill/EmployeeProfile.js 12ms
examplesJS/drill/GeoPushpinChartDrillExample.js 12ms
examplesJS/drill/index.js 12ms
examplesJS/drill/PivotTableDrillExample.js 18ms
examplesJS/execution/ExecuteAttributeValuesExample.js 17ms
examplesJS/execution/ExecuteExample.js 26ms
examplesJS/execution/ExecuteWithCustomVisualizationExample.js 15ms
examplesJS/execution/ExecuteWithSlicesExample.js 16ms
examplesJS/execution/index.js 15ms
examplesJS/execution/UseDataViewAttributeValuesExample.js 13ms
examplesJS/execution/UseDataViewExample.js 23ms
examplesJS/execution/UseDataViewWithCustomVisualizationExample.js 19ms
examplesJS/execution/UseDataViewWithSlicesExample.js 20ms
examplesJS/export/BarChartExportExample.js 12ms
examplesJS/export/ExampleWithExport.js 26ms
examplesJS/export/ExecuteExportExample.js 14ms
examplesJS/export/HeadlineExportExample.js 6ms
examplesJS/export/index.js 9ms
examplesJS/export/InsightViewColumnChartExportExample.js 6ms
examplesJS/export/PivotTableExportExample.js 10ms
examplesJS/geoPushpin/GeoPushpinChartClusteringExample.js 7ms
examplesJS/geoPushpin/GeoPushpinChartConfigurationColorMappingExample.js 17ms
examplesJS/geoPushpin/GeoPushpinChartConfigurationExample.js 10ms
examplesJS/geoPushpin/GeoPushpinChartConfigurationLegendExample.js 10ms
examplesJS/geoPushpin/GeoPushpinChartConfigurationPointsGroupNearbyExample.js 11ms
examplesJS/geoPushpin/GeoPushpinChartConfigurationPointsSizeExample.js 14ms
examplesJS/geoPushpin/GeoPushpinChartConfigurationViewportExample.js 9ms
examplesJS/geoPushpin/GeoPushpinChartWithCategoryLegendExample.js 11ms
examplesJS/geoPushpin/GeoPushpinChartWithColorLegendExample.js 13ms
examplesJS/geoPushpin/index.js 22ms
examplesJS/hidden/aggregationTest/index.js 13ms
examplesJS/hidden/multipleDomains/index.js 3ms
examplesJS/hidden/multipleDomains/MultipleDomainsExample.js 24ms
examplesJS/hidden/onDrillHandling/BarChartOnDrillExample.js 6ms
examplesJS/hidden/onDrillHandling/HeadlineOnDrillExample.js 8ms
examplesJS/hidden/onDrillHandling/index.js 6ms
examplesJS/hidden/onDrillHandling/InsightOnDrillExample.js 6ms
examplesJS/hidden/onDrillHandling/useOnDrillExample.js 8ms
examplesJS/hidden/pivotTableDynamic/ElementWithParam.js 4ms
examplesJS/hidden/pivotTableDynamic/index.js 3ms
examplesJS/hidden/pivotTableDynamic/PivotTableDynamicExample.js 113ms
examplesJS/hidden/pivotTableSizing/index.js 3ms
examplesJS/hidden/pivotTableSizing/PivotTableSizingComplexExample.js 34ms
examplesJS/insightView/index.js 42ms
examplesJS/insightView/InsightViewAreaByIdentifierExample.js 4ms
examplesJS/insightView/InsightViewBarByIdentifierExample.js 4ms
examplesJS/insightView/InsightViewBubbleByIdentifierExample.js 3ms
examplesJS/insightView/InsightViewBulletByIdentifierExample.js 4ms
examplesJS/insightView/InsightViewColumnChartByIdentifierExample.js 3ms
examplesJS/insightView/InsightViewComboChartByIdentifierExample.js 3ms
examplesJS/insightView/InsightViewDonutByIdentifierExample.js 3ms
examplesJS/insightView/InsightViewGeoPushpinByIdentifierExample.js 3ms
examplesJS/insightView/InsightViewHeadlineByIdentifierExample.js 3ms
examplesJS/insightView/InsightViewHeatmapByIdentifierExample.js 4ms
examplesJS/insightView/InsightViewLineByIdentifierExample.js 4ms
examplesJS/insightView/InsightViewPieByIdentifierExample.js 3ms
examplesJS/insightView/InsightViewPivotTableByIdentifierExample.js 3ms
examplesJS/insightView/InsightViewScatterByIdentifierExample.js 3ms
examplesJS/insightView/InsightViewTreemapByIdentifierExample.js 3ms
examplesJS/insightView/InsightViewWithCustomTitleExample.js 3ms
examplesJS/insightView/InsightViewWithGeneratedTitleExample.js 4ms
examplesJS/insightView/InsightViewWithTitleExample.js 4ms
examplesJS/internationalDateFormat/dateFilter/DateFilterComponentExample_DDMMYYYY.js 16ms
examplesJS/internationalDateFormat/dateFilter/DateFilterComponentExample_MDYY.js 17ms
examplesJS/internationalDateFormat/dateFilter/DateFilterWithColumnChartExample_DDMMYYYY.js 15ms
examplesJS/internationalDateFormat/dateFilter/DateFilterWithColumnChartExample_MDYY.js 13ms
examplesJS/internationalDateFormat/dateFilter/index.js 8ms
examplesJS/internationalDateFormat/datePicker/DatePickerExample_DDMMYYYY.js 39ms
examplesJS/internationalDateFormat/datePicker/DatePickerExample_MDYY.js 14ms
examplesJS/internationalDateFormat/datePicker/index.js 5ms
examplesJS/measureValueFilter/measureValueFilterByValue/index.js 12ms
examplesJS/measureValueFilter/measureValueFilterByValue/MeasureValueFilterExample.js 9ms
examplesJS/measureValueFilter/measureValueFilterByValue/MeasureValueFilterFormattedInPercentageExample.js 9ms
examplesJS/measureValueFilter/measureValueFilterByValue/MeasureValueFilterShownInPercentageExample.js 8ms
examplesJS/measureValueFilter/measureValueFilterByValue/MeasureValueFilterStackedToHundredPercentExample.js 7ms
examplesJS/measureValueFilter/measureValueFilterComponent/index.js 8ms
examplesJS/measureValueFilter/measureValueFilterComponent/MeasureValueFilterComponentExample.js 12ms
examplesJS/measureValueFilter/measureValueFilterComponent/MeasureValueFilterComponentPercentageExample.js 10ms
examplesJS/measureValueFilter/measureValueFilterComponent/MeasureValueFilterComponentRatioExample.js 9ms
examplesJS/measureValueFilter/measureValueFilterComponent/MeasureValueFilterDropdownComponentExample.js 11ms
examplesJS/measureValueFilter/measureValueFilterComponent/MeasureValueFilterTreatNullAsZeroComponentExample.js 7ms
examplesJS/pivotTable/index.js 21ms
examplesJS/pivotTable/PivotTableColumnsGrowToFitExample.js 7ms
examplesJS/pivotTable/PivotTableDrillExample.js 15ms
examplesJS/pivotTable/PivotTableExample.js 5ms
examplesJS/pivotTable/PivotTableManualResizingExample.js 16ms
examplesJS/pivotTable/PivotTableRowGroupingExample.js 5ms
examplesJS/pivotTable/PivotTableSizingExample.js 6ms
examplesJS/pivotTable/PivotTableSortingAggregationExample.js 6ms
examplesJS/pivotTable/PivotTableSortingExample.js 6ms
examplesJS/pivotTable/PivotTableSubtotalsExample.js 8ms
examplesJS/pivotTable/PivotTableTotalsExample.js 6ms
examplesJS/placeholders/ComposedPlaceholder.js 4ms
examplesJS/placeholders/ComposedPlaceholderSrc.js 15ms
examplesJS/placeholders/MultiValuePlaceholder.js 3ms
examplesJS/placeholders/MultiValuePlaceholderSrc.js 9ms
examplesJS/placeholders/SingleValuePlaceholder.js 4ms
examplesJS/placeholders/SingleValuePlaceholderSrc.js 8ms
examplesJS/rankingFilter/index.js 2ms
examplesJS/rankingFilter/RankingFilter.js 6ms
examplesJS/rankingFilter/RankingFilterCustomButtonExample.js 13ms
examplesJS/rankingFilter/RankingFilterExample.js 11ms
examplesJS/rankingFilter/RankingFilterSimpleExample.js 4ms
examplesJS/sorting/AttributeSortingExample.js 3ms
examplesJS/sorting/DynamicSortingExample.js 31ms
examplesJS/sorting/index.js 7ms
examplesJS/sorting/MeasureSortingExample.js 3ms
examplesJS/theming/index.js 5ms
examplesJS/theming/ThemedComponentsExample.js 10ms
examplesJS/timeOverTimeComparison/index.js 6ms
examplesJS/timeOverTimeComparison/PreviousPeriodHeadlineExample.js 7ms
examplesJS/timeOverTimeComparison/SamePeriodColumnChartExample.js 5ms
$ NODE_ENV=production webpack --mode=production 
Backend URI:  https://live-examples-proxy.herokuapp.com
Starting type checking service...
